Grading at Wed May  6 07:26:30 UTC 2020
Trying to compile your code and link with squares_test.o
squares_test.o: In function `main':
squares_test.c:(.text+0xe2): multiple definition of `main'
/tmp/ccu52hkz.o:squares.c:(.text+0x1d4): first defined here
collect2: error: ld returned 1 exit status
Could not compile your code

Overall Grade: FAILED
